mode: set
github.com/piotrj-rtbh/bookings/cmd/web/main.go:24.13,26.16 2 0
github.com/piotrj-rtbh/bookings/cmd/web/main.go:26.16,28.3 1 0
github.com/piotrj-rtbh/bookings/cmd/web/main.go:30.2,39.16 4 0
github.com/piotrj-rtbh/bookings/cmd/web/main.go:42.18,62.16 10 1
github.com/piotrj-rtbh/bookings/cmd/web/main.go:62.16,65.3 2 0
github.com/piotrj-rtbh/bookings/cmd/web/main.go:67.2,73.12 6 1
github.com/piotrj-rtbh/bookings/cmd/web/middleware.go:19.45,30.2 3 1
github.com/piotrj-rtbh/bookings/cmd/web/middleware.go:34.50,36.2 1 1
github.com/piotrj-rtbh/bookings/cmd/web/routes.go:16.49,53.2 18 1
