mode: set
github.com/piotrj-rtbh/bookings/internal/forms/errors.go:8.44,10.2 1 1
github.com/piotrj-rtbh/bookings/internal/forms/errors.go:13.42,16.18 2 1
github.com/piotrj-rtbh/bookings/internal/forms/errors.go:16.18,18.3 1 1
github.com/piotrj-rtbh/bookings/internal/forms/errors.go:20.2,20.14 1 1
github.com/piotrj-rtbh/bookings/internal/forms/forms.go:18.29,20.2 1 1
github.com/piotrj-rtbh/bookings/internal/forms/forms.go:23.33,28.2 1 1
github.com/piotrj-rtbh/bookings/internal/forms/forms.go:31.43,32.31 1 1
github.com/piotrj-rtbh/bookings/internal/forms/forms.go:32.31,34.37 2 1
github.com/piotrj-rtbh/bookings/internal/forms/forms.go:34.37,36.4 1 1
github.com/piotrj-rtbh/bookings/internal/forms/forms.go:41.39,46.13 2 1
github.com/piotrj-rtbh/bookings/internal/forms/forms.go:46.13,49.3 2 1
github.com/piotrj-rtbh/bookings/internal/forms/forms.go:50.2,50.13 1 1
github.com/piotrj-rtbh/bookings/internal/forms/forms.go:54.57,57.21 2 1
github.com/piotrj-rtbh/bookings/internal/forms/forms.go:57.21,60.3 2 1
github.com/piotrj-rtbh/bookings/internal/forms/forms.go:61.2,61.13 1 1
github.com/piotrj-rtbh/bookings/internal/forms/forms.go:65.38,66.40 1 1
github.com/piotrj-rtbh/bookings/internal/forms/forms.go:66.40,68.3 1 1
